Removed Pin From Net: NetName=VCC24 Pin=D11-1
Change Component Comment : Designator=F3 Old Comment=2A/63V New Comment=Fuse 1
Change Component Comment : Designator=Q2_cdh4 Old Comment=2N5551 New Comment=NPN
Change Component Comment : Designator=C23 Old Comment=10uF/50V New Comment=0.1uF
Change Component Comment : Designator=C17 Old Comment=22pF New Comment=Cap
Change Component Comment : Designator=C22 Old Comment=22uF/16V New Comment=0.1uF
Change Component Comment : Designator=C24 Old Comment=150pF New Comment=0.1uF
Change Component Comment : Designator=C13 Old Comment=Cap New Comment=104
Change Component Comment : Designator=C15 Old Comment=Cap New Comment=104
Added Component: Designator=C12(0603-CAP)
Added Component: Designator=LS1(ABSM-1574)
Added Pin To Net: NetName=VCC3.3 Pin=C12-1
Added Pin To Net: NetName=GND Pin=C12-2
Added Pin To Net: NetName=VCC24 Pin=LS1-1A
Added Pin To Net: NetName=VCC24 Pin=LS1-1
Added Pin To Net: NetName=NetD11_1 Pin=D11-1
Added Pin To Net: NetName=NetD11_1 Pin=LS1-2
Added Pin To Net: NetName=NetD11_1 Pin=LS1-2A
Added Net: Name=NetD11_1
Added Member To Class: ClassName=总图 Member=Component C12 104
Added Member To Class: ClassName=总图 Member=Component LS1 温度开关(常闭)
Added Member To Class: ClassName=总图 Member=Component P3 Header 4
Added Member To Class: ClassName=cdh1 Member=Component U3_cdh1 (U3) LM317
Added Member To Class: ClassName=cdh8 Member=Component U3_cdh8 (U3) LM317
Added Member To Class: ClassName=cdh1 Member=Component U19_cdh1 (U19A) TLC2264
Added Member To Class: ClassName=cdh8 Member=Component U19_cdh8 (U19A) TLC2264
Added Member To Class: ClassName=总图 Member=Component Y1 8M
