Removed Pin From Net: NetName=VCC8 Pin=C22-2
Removed Pin From Net: NetName=GND Pin=C23-2
Removed Pin From Net: NetName=GND Pin=D12-1
Removed Pin From Net: NetName=VCC8 Pin=L1-2
Removed Pin From Net: NetName=VCC8 Pin=R108-2
Removed Pin From Net: NetName=GND Pin=R109-2
Removed Pin From Net: NetName=GND Pin=R110-2
Removed Pin From Net: NetName=GND Pin=R111-2
Removed Pin From Net: NetName=GND Pin=R112-2
Removed Pin From Net: NetName=GND Pin=U28-5
Removed Member From Class: ClassName=总图 Member=C24
Removed Member From Class: ClassName=总图 Member=D12
Removed Member From Class: ClassName=总图 Member=L1
Removed Member From Class: ClassName=总图 Member=R107
Removed Member From Class: ClassName=总图 Member=R108
Removed Member From Class: ClassName=总图 Member=R109
Removed Member From Class: ClassName=总图 Member=R110
Removed Member From Class: ClassName=总图 Member=R111
Removed Member From Class: ClassName=总图 Member=R112
Removed Member From Class: ClassName=总图 Member=U28
Change Component DesignItemId : Designator=C23 Old DesignItemId=Cap Semi New DesignItemId=0603 100nF (104) 10% 50V
Change Component DesignItemId : Designator=C22 Old DesignItemId=Cap Semi New DesignItemId=0603 330nF (334) 10% 25V
Change Component DesignItemId : Designator=C21 Old DesignItemId=Cap Semi New DesignItemId=Cap Pol3
Change Component Footprint: Designator=C21 Old Footprint=0603-CAP New Footprint=CAP-6*12
Change Component Footprint: Designator=C22 Old Footprint=1206 New Footprint=0603_C
Change Component Footprint: Designator=C23 Old Footprint=1206 New Footprint=0603_C
Change Component Comment : Designator=C21 Old Comment=0.1uF New Comment=22uf/63V
Change Component Comment : Designator=C23 Old Comment=10uF/50V New Comment=100nF (104) 10% 50V
Change Component Comment : Designator=C22 Old Comment=22uF/16V New Comment=330nF (334) 10% 25V
Added Component: Designator=C14(CAP-6*12)
Added Component: Designator=VR1(TO-220)
Added Pin To Net: NetName=GND Pin=C14-2
Added Pin To Net: NetName=VCC8 Pin=C21-1
Added Pin To Net: NetName=GND Pin=C21-2
Added Pin To Net: NetName=GND Pin=C23-1
Added Pin To Net: NetName=VCC8 Pin=C23-2
Added Pin To Net: NetName=VCC8 Pin=VR1-1
Added Pin To Net: NetName=GND Pin=VR1-2
Added Pin To Net: NetName=NetC14_1 Pin=C14-1
Added Pin To Net: NetName=NetC14_1 Pin=C22-2
Added Pin To Net: NetName=NetC14_1 Pin=F3-2
Added Pin To Net: NetName=NetC14_1 Pin=VR1-3
Added Net: Name=NetC14_1
Added Member To Class: ClassName=总图 Member=Component C14 22uf/63V
Added Member To Class: ClassName=cdh2 Member=Component R13_cdh2 (R13) 1K
Added Member To Class: ClassName=总图 Member=Component VR1 LM7808
