Removed Pin From Net: NetName=CDH1 Pin=Q2_cdh1-1
Removed Pin From Net: NetName=GND Pin=Q2_cdh1-3
Removed Pin From Net: NetName=CDH2 Pin=Q2_cdh2-1
Removed Pin From Net: NetName=GND Pin=Q2_cdh2-3
Removed Pin From Net: NetName=CDH3 Pin=Q2_cdh3-1
Removed Pin From Net: NetName=GND Pin=Q2_cdh3-3
Removed Pin From Net: NetName=CDH4 Pin=Q2_cdh4-1
Removed Pin From Net: NetName=GND Pin=Q2_cdh4-3
Removed Pin From Net: NetName=CDH5 Pin=Q2_cdh5-1
Removed Pin From Net: NetName=GND Pin=Q2_cdh5-3
Removed Pin From Net: NetName=CDH6 Pin=Q2_cdh6-1
Removed Pin From Net: NetName=GND Pin=Q2_cdh6-3
Removed Pin From Net: NetName=CDH7 Pin=Q2_cdh7-1
Removed Pin From Net: NetName=GND Pin=Q2_cdh7-3
Removed Pin From Net: NetName=CDH8 Pin=Q2_cdh8-1
Removed Pin From Net: NetName=GND Pin=Q2_cdh8-3
Removed Pin From Net: NetName=NetR6_cdh1_2 Pin=R8_cdh1-1
Removed Pin From Net: NetName=NetR6_cdh2_2 Pin=R8_cdh2-1
Removed Pin From Net: NetName=NetR6_cdh3_2 Pin=R8_cdh3-1
Removed Pin From Net: NetName=NetR6_cdh4_2 Pin=R8_cdh4-1
Removed Pin From Net: NetName=NetR6_cdh5_2 Pin=R8_cdh5-1
Removed Pin From Net: NetName=NetR6_cdh6_2 Pin=R8_cdh6-1
Removed Pin From Net: NetName=NetR6_cdh7_2 Pin=R8_cdh7-1
Removed Pin From Net: NetName=NetR6_cdh8_2 Pin=R8_cdh8-1
Removed Pin From Net: NetName=GND Pin=R20_cdh1-2
Removed Pin From Net: NetName=GND Pin=R20_cdh2-2
Removed Pin From Net: NetName=GND Pin=R20_cdh3-2
Removed Pin From Net: NetName=GND Pin=R20_cdh4-2
Removed Pin From Net: NetName=GND Pin=R20_cdh5-2
Removed Pin From Net: NetName=GND Pin=R20_cdh6-2
Removed Pin From Net: NetName=GND Pin=R20_cdh7-2
Removed Pin From Net: NetName=GND Pin=R20_cdh8-2
Removed Pin From Net: NetName=NetR4_cdh1_2 Pin=U19_cdh1-12
Removed Pin From Net: NetName=H1_IN1_cdh1 Pin=U19_cdh1-13
Removed Pin From Net: NetName=NetR4_cdh2_2 Pin=U19_cdh2-12
Removed Pin From Net: NetName=H1_IN1_cdh2 Pin=U19_cdh2-13
Removed Pin From Net: NetName=NetR4_cdh3_2 Pin=U19_cdh3-12
Removed Pin From Net: NetName=H1_IN1_cdh3 Pin=U19_cdh3-13
Removed Pin From Net: NetName=NetR4_cdh4_2 Pin=U19_cdh4-12
Removed Pin From Net: NetName=H1_IN1_cdh4 Pin=U19_cdh4-13
Removed Pin From Net: NetName=NetR4_cdh5_2 Pin=U19_cdh5-12
Removed Pin From Net: NetName=H1_IN1_cdh5 Pin=U19_cdh5-13
Removed Pin From Net: NetName=NetR4_cdh6_2 Pin=U19_cdh6-12
Removed Pin From Net: NetName=H1_IN1_cdh6 Pin=U19_cdh6-13
Removed Pin From Net: NetName=NetR4_cdh7_2 Pin=U19_cdh7-12
Removed Pin From Net: NetName=H1_IN1_cdh7 Pin=U19_cdh7-13
Removed Pin From Net: NetName=NetR4_cdh8_2 Pin=U19_cdh8-12
Removed Pin From Net: NetName=H1_IN1_cdh8 Pin=U19_cdh8-13
Removed Member From Class: ClassName=cdh1 Member=D2_cdh1
Removed Member From Class: ClassName=cdh2 Member=D2_cdh2
Removed Member From Class: ClassName=cdh3 Member=D2_cdh3
Removed Member From Class: ClassName=cdh4 Member=D2_cdh4
Removed Member From Class: ClassName=cdh5 Member=D2_cdh5
Removed Member From Class: ClassName=cdh6 Member=D2_cdh6
Removed Member From Class: ClassName=cdh7 Member=D2_cdh7
Removed Member From Class: ClassName=cdh8 Member=D2_cdh8
Removed Member From Class: ClassName=cdh1 Member=Q2_cdh1
Removed Member From Class: ClassName=cdh2 Member=Q2_cdh2
Removed Member From Class: ClassName=cdh3 Member=Q2_cdh3
Removed Member From Class: ClassName=cdh4 Member=Q2_cdh4
Removed Member From Class: ClassName=cdh5 Member=Q2_cdh5
Removed Member From Class: ClassName=cdh6 Member=Q2_cdh6
Removed Member From Class: ClassName=cdh7 Member=Q2_cdh7
Removed Member From Class: ClassName=cdh8 Member=Q2_cdh8
Removed Member From Class: ClassName=cdh1 Member=R8_cdh1
Removed Member From Class: ClassName=cdh2 Member=R8_cdh2
Removed Member From Class: ClassName=cdh3 Member=R8_cdh3
Removed Member From Class: ClassName=cdh4 Member=R8_cdh4
Removed Member From Class: ClassName=cdh5 Member=R8_cdh5
Removed Member From Class: ClassName=cdh6 Member=R8_cdh6
Removed Member From Class: ClassName=cdh7 Member=R8_cdh7
Removed Member From Class: ClassName=cdh8 Member=R8_cdh8
Change Component Comment : Designator=C23 Old Comment=10uF New Comment=10uF/50V
Change Component Comment : Designator=C22 Old Comment=22uF New Comment=22uF/16V
Change Component Comment : Designator=L1 Old Comment=22uH New Comment=Inductor
Change Component Comment : Designator=C19 Old Comment=104 New Comment=0.1uF
Change Component Comment : Designator=C21 Old Comment=104 New Comment=0.1uF
Added Component: Designator=C12(0603-CAP)
Added Pin To Net: NetName=VCC3.3 Pin=C12-1
Added Pin To Net: NetName=GND Pin=C12-2
Added Pin To Net: NetName=NetR6_cdh1_2 Pin=R12_cdh1-1
Added Pin To Net: NetName=NetR6_cdh2_2 Pin=R12_cdh2-1
Added Pin To Net: NetName=NetR6_cdh3_2 Pin=R12_cdh3-1
Added Pin To Net: NetName=NetR6_cdh4_2 Pin=R12_cdh4-1
Added Pin To Net: NetName=NetR6_cdh5_2 Pin=R12_cdh5-1
Added Pin To Net: NetName=NetR6_cdh6_2 Pin=R12_cdh6-1
Added Pin To Net: NetName=NetR6_cdh7_2 Pin=R12_cdh7-1
Added Pin To Net: NetName=NetR6_cdh8_2 Pin=R12_cdh8-1
Added Pin To Net: NetName=CDH1 Pin=R16_cdh1-2
Added Pin To Net: NetName=CDH2 Pin=R16_cdh2-2
Added Pin To Net: NetName=CDH3 Pin=R16_cdh3-2
Added Pin To Net: NetName=CDH4 Pin=R16_cdh4-2
Added Pin To Net: NetName=CDH5 Pin=R16_cdh5-2
Added Pin To Net: NetName=CDH6 Pin=R16_cdh6-2
Added Pin To Net: NetName=CDH7 Pin=R16_cdh7-2
Added Pin To Net: NetName=CDH8 Pin=R16_cdh8-2
Added Pin To Net: NetName=NetR6_cdh1_2 Pin=R18_cdh1-2
Added Pin To Net: NetName=NetR6_cdh2_2 Pin=R18_cdh2-2
Added Pin To Net: NetName=NetR6_cdh3_2 Pin=R18_cdh3-2
Added Pin To Net: NetName=NetR6_cdh4_2 Pin=R18_cdh4-2
Added Pin To Net: NetName=NetR6_cdh5_2 Pin=R18_cdh5-2
Added Pin To Net: NetName=NetR6_cdh6_2 Pin=R18_cdh6-2
Added Pin To Net: NetName=NetR6_cdh7_2 Pin=R18_cdh7-2
Added Pin To Net: NetName=NetR6_cdh8_2 Pin=R18_cdh8-2
Added Pin To Net: NetName=GND Pin=R20_cdh1-1
Added Pin To Net: NetName=CDH1 Pin=R20_cdh1-2
Added Pin To Net: NetName=GND Pin=R20_cdh2-1
Added Pin To Net: NetName=CDH2 Pin=R20_cdh2-2
Added Pin To Net: NetName=GND Pin=R20_cdh3-1
Added Pin To Net: NetName=CDH3 Pin=R20_cdh3-2
Added Pin To Net: NetName=GND Pin=R20_cdh4-1
Added Pin To Net: NetName=CDH4 Pin=R20_cdh4-2
Added Pin To Net: NetName=GND Pin=R20_cdh5-1
Added Pin To Net: NetName=CDH5 Pin=R20_cdh5-2
Added Pin To Net: NetName=GND Pin=R20_cdh6-1
Added Pin To Net: NetName=CDH6 Pin=R20_cdh6-2
Added Pin To Net: NetName=GND Pin=R20_cdh7-1
Added Pin To Net: NetName=CDH7 Pin=R20_cdh7-2
Added Pin To Net: NetName=GND Pin=R20_cdh8-1
Added Pin To Net: NetName=CDH8 Pin=R20_cdh8-2
Added Pin To Net: NetName=NetR16_cdh1_1 Pin=R16_cdh1-1
Added Pin To Net: NetName=NetR16_cdh1_1 Pin=R22_cdh1-2
Added Net: Name=NetR16_cdh1_1
Added Pin To Net: NetName=NetR16_cdh2_1 Pin=R16_cdh2-1
Added Pin To Net: NetName=NetR16_cdh2_1 Pin=R22_cdh2-2
Added Net: Name=NetR16_cdh2_1
Added Pin To Net: NetName=NetR16_cdh3_1 Pin=R16_cdh3-1
Added Pin To Net: NetName=NetR16_cdh3_1 Pin=R22_cdh3-2
Added Net: Name=NetR16_cdh3_1
Added Pin To Net: NetName=NetR16_cdh4_1 Pin=R16_cdh4-1
Added Pin To Net: NetName=NetR16_cdh4_1 Pin=R22_cdh4-2
Added Net: Name=NetR16_cdh4_1
Added Pin To Net: NetName=NetR16_cdh5_1 Pin=R16_cdh5-1
Added Pin To Net: NetName=NetR16_cdh5_1 Pin=R22_cdh5-2
Added Net: Name=NetR16_cdh5_1
Added Pin To Net: NetName=NetR16_cdh6_1 Pin=R16_cdh6-1
Added Pin To Net: NetName=NetR16_cdh6_1 Pin=R22_cdh6-2
Added Net: Name=NetR16_cdh6_1
Added Pin To Net: NetName=NetR16_cdh7_1 Pin=R16_cdh7-1
Added Pin To Net: NetName=NetR16_cdh7_1 Pin=R22_cdh7-2
Added Net: Name=NetR16_cdh7_1
Added Pin To Net: NetName=NetR16_cdh8_1 Pin=R16_cdh8-1
Added Pin To Net: NetName=NetR16_cdh8_1 Pin=R22_cdh8-2
Added Net: Name=NetR16_cdh8_1
Added Member To Class: ClassName=змЭМ Member=Component C12 104
Added Member To Class: ClassName=cdh8 Member=Component U3_cdh8 (U3) LM317
